[0;36m4 Feb 12:59:02[0m [0;32mlog[0m [0;37mready[0m
4 Feb 04:59:02 - socket.io ready - accepting connections
4 Feb 04:59:07 - Initializing client with transport "flashsocket"
4 Feb 04:59:07 - Client 14138541789725423 connected
4 Feb 04:59:11 - Initializing client with transport "flashsocket"
4 Feb 04:59:11 - Client 507345762103796 connected
[0;36m4 Feb 12:59:20[0m [0;36mLog[0m [0;37mcurrent Active[0m [0;37mred[0m
[0;36m4 Feb 12:59:20[0m [0;36mLog[0m [0;33m2[0m
[0;36m4 Feb 12:59:20[0m [0;36mLog[0m 
                { sessionId: [32m'507345762103796'[39m,
                  name: [32m'Anonymous'[39m,
                  color: [32m'blue'[39m,
                  ap: [34m0[39m,
                  characters: 
                   [ { name: [32m'spy'[39m,
                       position: { x: [34m0[39m, y: [34m1[39m },
                       health: [34m200[39m,
                       moveCost: [34m15[39m,
                       dodgeCost: [34m15[39m,
                       meleeCost: [34m10[39m,
                       meleeDmg: [34m32[39m,
                       shortAttackCost: [34m15[39m,
                       shortAttackDmg: [34m96[39m,
                       longAttackCost: [34m10[39m,
                       longAttackDmg: [34m48[39m,
                       specialType: [32m'splash'[39m,
                       specialDmg: [34mNaN[39m,
                       specialTargetType: [32m'enemyUnit'[39m,
                       specialTargetRange: [34m1[39m,
                       specialTargetEffect: [32m'dmg'[39m,
                       text: [32m'{short range} does half damage to all opponents in same or neighboring hex as target'[39m,
                       color: [32m'blue'[39m },
                     { name: [32m'sniper'[39m,
                       position: { x: [34m0[39m, y: [34m1[39m },
                       health: [34m200[39m,
                       moveCost: [34m15[39m,
                       dodgeCost: [34m15[39m,
                       meleeCost: [34m10[39m,
                       meleeDmg: [34m32[39m,
                       shortAttackCost: [34m15[39m,
                       shortAttackDmg: [34m96[39m,
                       longAttackCost: [34m10[39m,
                       longAttackDmg: [34m48[39m,
                       special: [32m'splash'[39m,
                       specialDmg: [34mNaN[39m,
                       specialTargetType: [32m'enemyUnit'[39m,
                       specialTargetRange: [34m1[39m,
                       specialTargetEffect: [32m'dmg'[39m,
                       text: [32m'{short range} does half damage to all opponents in same or neighboring hex as target'[39m,
                       color: [32m'blue'[39m },
                     { name: [32m'scout'[39m,
                       position: { x: [34m0[39m, y: [34m1[39m },
                       health: [34m200[39m,
                       moveCost: [34m15[39m,
                       dodgeCost: [34m15[39m,
                       meleeCost: [34m10[39m,
                       meleeDmg: [34m32[39m,
                       shortAttackCost: [34m15[39m,
                       shortAttackDmg: [34m96[39m,
                       longAttackCost: [34m10[39m,
                       longAttackDmg: [34m48[39m,
                       special: [32m'splash'[39m,
                       specialDmg: [34mNaN[39m,
                       specialTargetType: [32m'enemyUnit'[39m,
                       specialTargetRange: [34m1[39m,
                       specialTargetEffect: [32m'dmg'[39m,
                       text: [32m'{short range} does half damage to all opponents in same or neighboring hex as target'[39m,
                       color: [32m'blue'[39m },
                     { name: [32m'medic'[39m,
                       position: { x: [34m0[39m, y: [34m1[39m },
                       health: [34m200[39m,
                       moveCost: [34m15[39m,
                       dodgeCost: [34m15[39m,
                       meleeCost: [34m10[39m,
                       meleeDmg: [34m32[39m,
                       shortAttackCost: [34m15[39m,
                       shortAttackDmg: [34m96[39m,
                       longAttackCost: [34m10[39m,
                       longAttackDmg: [34m48[39m,
                       special: [32m'splash'[39m,
                       specialDmg: [34mNaN[39m,
                       specialTargetType: [32m'enemyUnit'[39m,
                       specialTargetRange: [34m1[39m,
                       specialTargetEffect: [32m'dmg'[39m,
                       text: [32m'{short range} does half damage to all opponents in same or neighboring hex as target'[39m,
                       color: [32m'blue'[39m },
                     { name: [32m'heavy'[39m,
                       position: { x: [34m0[39m, y: [34m1[39m },
                       health: [34m200[39m,
                       moveCost: [34m15[39m,
                       dodgeCost: [34m15[39m,
                       meleeCost: [34m10[39m,
                       meleeDmg: [34m32[39m,
                       shortAttackCost: [34m15[39m,
                       shortAttackDmg: [34m96[39m,
                       longAttackCost: [34m10[39m,
                       longAttackDmg: [34m48[39m,
                       special: [32m'splash'[39m,
                       specialDmg: [34mNaN[39m,
                       specialTargetType: [32m'enemyUnit'[39m,
                       specialTargetRange: [34m1[39m,
                       specialTargetEffect: [32m'dmg'[39m,
                       text: [32m'{short range} does half damage to all opponents in same or neighboring hex as target'[39m,
                       color: [32m'blue'[39m },
                     { name: [32m'engie'[39m,
                       position: { x: [34m0[39m, y: [34m1[39m },
                       health: [34m200[39m,
                       moveCost: [34m15[39m,
                       dodgeCost: [34m15[39m,
                       meleeCost: [34m10[39m,
                       meleeDmg: [34m32[39m,
                       shortAttackCost: [34m15[39m,
                       shortAttackDmg: [34m96[39m,
                       longAttackCost: [34m10[39m,
                       longAttackDmg: [34m48[39m,
                       special: [32m'splash'[39m,
                       specialDmg: [34mNaN[39m,
                       specialTargetType: [32m'enemyUnit'[39m,
                       specialTargetRange: [34m1[39m,
                       specialTargetEffect: [32m'dmg'[39m,
                       text: [32m'{short range} does half damage to all opponents in same or neighboring hex as target'[39m,
                       color: [32m'blue'[39m },
                     { name: [32m'demo'[39m,
                       position: { x: [34m0[39m, y: [34m1[39m },
                       health: [34m200[39m,
                       moveCost: [34m15[39m,
                       dodgeCost: [34m15[39m,
                       meleeCost: [34m10[39m,
                       meleeDmg: [34m32[39m,
                       shortAttackCost: [34m15[39m,
                       shortAttackDmg: [34m96[39m,
                       longAttackCost: [34m10[39m,
                       longAttackDmg: [34m48[39m,
                       special: [32m'splash'[39m,
                       specialDmg: [34mNaN[39m,
                       specialTargetType: [32m'enemyUnit'[39m,
                       specialTargetRange: [34m1[39m,
                       specialTargetEffect: [32m'dmg'[39m,
                       text: [32m'{short range} does half damage to all opponents in same or neighboring hex as target'[39m,
                       color: [32m'blue'[39m },
                     { name: [32m'pyro'[39m,
                       position: { x: [34m0[39m, y: [34m1[39m },
                       health: [34m200[39m,
                       moveCost: [34m15[39m,
                       dodgeCost: [34m15[39m,
                       meleeCost: [34m10[39m,
                       meleeDmg: [34m32[39m,
                       shortAttackCost: [34m15[39m,
                       shortAttackDmg: [34m96[39m,
                       longAttackCost: [34m10[39m,
                       longAttackDmg: [34m48[39m,
                       special: [32m'splash'[39m,
                       specialDmg: [34mNaN[39m,
                       specialTargetType: [32m'enemyUnit'[39m,
                       specialTargetRange: [34m1[39m,
                       specialTargetEffect: [32m'dmg'[39m,
                       text: [32m'{short range} does half damage to all opponents in same or neighboring hex as target'[39m,
                       color: [32m'blue'[39m },
                     { name: [32m'soldier'[39m,
                       position: { x: [34m0[39m, y: [34m1[39m },
                       health: [34m200[39m,
                       moveCost: [34m15[39m,
                       dodgeCost: [34m15[39m,
                       meleeCost: [34m10[39m,
                       meleeDmg: [34m32[39m,
                       shortAttackCost: [34m15[39m,
                       shortAttackDmg: [34m96[39m,
                       longAttackCost: [34m10[39m,
                       longAttackDmg: [34m48[39m,
                       special: [32m'splash'[39m,
                       specialDmg: [34mNaN[39m,
                       specialTargetType: [32m'enemyUnit'[39m,
                       specialTargetRange: [34m1[39m,
                       specialTargetEffect: [32m'dmg'[39m,
                       text: [32m'{short range} does half damage to all opponents in same or neighboring hex as target'[39m,
                       color: [32m'blue'[39m } ] }
[0;36m4 Feb 12:59:20[0m [0;36mLog[0m [0;37mactiveblue0[0m
[0;36m4 Feb 12:59:20[0m [0;36mLog[0m [0;37mcurrent Active[0m [0;37mblue[0m
[0;36m4 Feb 12:59:20[0m [0;36mLog[0m [0;37mactivered1[0m
[0;36m4 Feb 12:59:20[0m [0;36mLog[0m [0;37mred[0m [0;37m14138541789725423[0m
[0;36m4 Feb 01:01:23[0m [0;32mlog[0m [0;37mready[0m
4 Feb 05:01:23 - socket.io ready - accepting connections
4 Feb 05:01:28 - Initializing client with transport "flashsocket"
4 Feb 05:01:28 - Client 9469117044936866 connected
4 Feb 05:01:29 - Initializing client with transport "flashsocket"
4 Feb 05:01:29 - Client 12583131552673876 connected
[0;36m4 Feb 01:01:35[0m [0;36mLog[0m [0;37mcurrent Active[0m [0;37mblue[0m
[0;36m4 Feb 01:01:35[0m [0;36mLog[0m [0;37mactivered1[0m
[0;36m4 Feb 01:01:35[0m [0;36mLog[0m [0;37mred[0m [0;37m9469117044936866[0m
[0;36m4 Feb 01:01:42[0m [0;36mLog[0m [0;37mcurrent Active[0m [0;37mred[0m
[0;36m4 Feb 01:01:42[0m [0;36mLog[0m [0;33m2[0m
[0;36m4 Feb 01:01:42[0m [0;36mLog[0m 
                { sessionId: [32m'12583131552673876'[39m,
                  name: [32m'Anonymous'[39m,
                  color: [32m'blue'[39m,
                  ap: [34m0[39m,
                  characters: 
                   [ { name: [32m'spy'[39m,
                       position: { x: [34m0[39m, y: [34m1[39m },
                       health: [34m200[39m,
                       moveCost: [34m15[39m,
                       dodgeCost: [34m15[39m,
                       meleeCost: [34m10[39m,
                       meleeDmg: [34m32[39m,
                       shortAttackCost: [34m15[39m,
                       shortAttackDmg: [34m96[39m,
                       longAttackCost: [34m10[39m,
                       longAttackDmg: [34m48[39m,
                       specialType: [32m'splash'[39m,
                       specialDmg: [34mNaN[39m,
                       specialTargetType: [32m'enemyUnit'[39m,
                       specialTargetRange: [34m1[39m,
                       specialTargetEffect: [32m'dmg'[39m,
                       text: [32m'{short range} does half damage to all opponents in same or neighboring hex as target'[39m,
                       color: [32m'blue'[39m },
                     { name: [32m'sniper'[39m,
                       position: { x: [34m0[39m, y: [34m1[39m },
                       health: [34m200[39m,
                       moveCost: [34m15[39m,
                       dodgeCost: [34m15[39m,
                       meleeCost: [34m10[39m,
                       meleeDmg: [34m32[39m,
                       shortAttackCost: [34m15[39m,
                       shortAttackDmg: [34m96[39m,
                       longAttackCost: [34m10[39m,
                       longAttackDmg: [34m48[39m,
                       special: [32m'splash'[39m,
                       specialDmg: [34mNaN[39m,
                       specialTargetType: [32m'enemyUnit'[39m,
                       specialTargetRange: [34m1[39m,
                       specialTargetEffect: [32m'dmg'[39m,
                       text: [32m'{short range} does half damage to all opponents in same or neighboring hex as target'[39m,
                       color: [32m'blue'[39m },
                     { name: [32m'scout'[39m,
                       position: { x: [34m0[39m, y: [34m1[39m },
                       health: [34m200[39m,
                       moveCost: [34m15[39m,
                       dodgeCost: [34m15[39m,
                       meleeCost: [34m10[39m,
                       meleeDmg: [34m32[39m,
                       shortAttackCost: [34m15[39m,
                       shortAttackDmg: [34m96[39m,
                       longAttackCost: [34m10[39m,
                       longAttackDmg: [34m48[39m,
                       special: [32m'splash'[39m,
                       specialDmg: [34mNaN[39m,
                       specialTargetType: [32m'enemyUnit'[39m,
                       specialTargetRange: [34m1[39m,
                       specialTargetEffect: [32m'dmg'[39m,
                       text: [32m'{short range} does half damage to all opponents in same or neighboring hex as target'[39m,
                       color: [32m'blue'[39m },
                     { name: [32m'medic'[39m,
                       position: { x: [34m0[39m, y: [34m1[39m },
                       health: [34m200[39m,
                       moveCost: [34m15[39m,
                       dodgeCost: [34m15[39m,
                       meleeCost: [34m10[39m,
                       meleeDmg: [34m32[39m,
                       shortAttackCost: [34m15[39m,
                       shortAttackDmg: [34m96[39m,
                       longAttackCost: [34m10[39m,
                       longAttackDmg: [34m48[39m,
                       special: [32m'splash'[39m,
                       specialDmg: [34mNaN[39m,
                       specialTargetType: [32m'enemyUnit'[39m,
                       specialTargetRange: [34m1[39m,
                       specialTargetEffect: [32m'dmg'[39m,
                       text: [32m'{short range} does half damage to all opponents in same or neighboring hex as target'[39m,
                       color: [32m'blue'[39m },
                     { name: [32m'heavy'[39m,
                       position: { x: [34m0[39m, y: [34m1[39m },
                       health: [34m200[39m,
                       moveCost: [34m15[39m,
                       dodgeCost: [34m15[39m,
                       meleeCost: [34m10[39m,
                       meleeDmg: [34m32[39m,
                       shortAttackCost: [34m15[39m,
                       shortAttackDmg: [34m96[39m,
                       longAttackCost: [34m10[39m,
                       longAttackDmg: [34m48[39m,
                       special: [32m'splash'[39m,
                       specialDmg: [34mNaN[39m,
                       specialTargetType: [32m'enemyUnit'[39m,
                       specialTargetRange: [34m1[39m,
                       specialTargetEffect: [32m'dmg'[39m,
                       text: [32m'{short range} does half damage to all opponents in same or neighboring hex as target'[39m,
                       color: [32m'blue'[39m },
                     { name: [32m'engie'[39m,
                       position: { x: [34m0[39m, y: [34m1[39m },
                       health: [34m200[39m,
                       moveCost: [34m15[39m,
                       dodgeCost: [34m15[39m,
                       meleeCost: [34m10[39m,
                       meleeDmg: [34m32[39m,
                       shortAttackCost: [34m15[39m,
                       shortAttackDmg: [34m96[39m,
                       longAttackCost: [34m10[39m,
                       longAttackDmg: [34m48[39m,
                       special: [32m'splash'[39m,
                       specialDmg: [34mNaN[39m,
                       specialTargetType: [32m'enemyUnit'[39m,
                       specialTargetRange: [34m1[39m,
                       specialTargetEffect: [32m'dmg'[39m,
                       text: [32m'{short range} does half damage to all opponents in same or neighboring hex as target'[39m,
                       color: [32m'blue'[39m },
                     { name: [32m'demo'[39m,
                       position: { x: [34m0[39m, y: [34m1[39m },
                       health: [34m200[39m,
                       moveCost: [34m15[39m,
                       dodgeCost: [34m15[39m,
                       meleeCost: [34m10[39m,
                       meleeDmg: [34m32[39m,
                       shortAttackCost: [34m15[39m,
                       shortAttackDmg: [34m96[39m,
                       longAttackCost: [34m10[39m,
                       longAttackDmg: [34m48[39m,
                       special: [32m'splash'[39m,
                       specialDmg: [34mNaN[39m,
                       specialTargetType: [32m'enemyUnit'[39m,
                       specialTargetRange: [34m1[39m,
                       specialTargetEffect: [32m'dmg'[39m,
                       text: [32m'{short range} does half damage to all opponents in same or neighboring hex as target'[39m,
                       color: [32m'blue'[39m },
                     { name: [32m'pyro'[39m,
                       position: { x: [32m'4'[39m, y: [32m'2'[39m },
                       health: [34m200[39m,
                       moveCost: [34m15[39m,
                       dodgeCost: [34m15[39m,
                       meleeCost: [34m10[39m,
                       meleeDmg: [34m32[39m,
                       shortAttackCost: [34m15[39m,
                       shortAttackDmg: [34m96[39m,
                       longAttackCost: [34m10[39m,
                       longAttackDmg: [34m48[39m,
                       special: [32m'splash'[39m,
                       specialDmg: [34mNaN[39m,
                       specialTargetType: [32m'enemyUnit'[39m,
                       specialTargetRange: [34m1[39m,
                       specialTargetEffect: [32m'dmg'[39m,
                       text: [32m'{short range} does half damage to all opponents in same or neighboring hex as target'[39m,
                       color: [32m'blue'[39m },
                     { name: [32m'soldier'[39m,
                       position: { x: [34m0[39m, y: [34m1[39m },
                       health: [34m200[39m,
                       moveCost: [34m15[39m,
                       dodgeCost: [34m15[39m,
                       meleeCost: [34m10[39m,
                       meleeDmg: [34m32[39m,
                       shortAttackCost: [34m15[39m,
                       shortAttackDmg: [34m96[39m,
                       longAttackCost: [34m10[39m,
                       longAttackDmg: [34m48[39m,
                       special: [32m'splash'[39m,
                       specialDmg: [34mNaN[39m,
                       specialTargetType: [32m'enemyUnit'[39m,
                       specialTargetRange: [34m1[39m,
                       specialTargetEffect: [32m'dmg'[39m,
                       text: [32m'{short range} does half damage to all opponents in same or neighboring hex as target'[39m,
                       color: [32m'blue'[39m } ] }
[0;36m4 Feb 01:01:42[0m [0;36mLog[0m [0;37mactiveblue0[0m
[0;36m4 Feb 01:01:42[0m [0;36mLog[0m [0;37mblue[0m [0;37m12583131552673876[0m
[0;36m4 Feb 01:01:47[0m [0;36mLog[0m [0;37mcurrent Active[0m [0;37mblue[0m
[0;36m4 Feb 01:01:47[0m [0;36mLog[0m [0;37mactivered1[0m
[0;36m4 Feb 01:01:47[0m [0;36mLog[0m [0;37mred[0m [0;37m9469117044936866[0m
